{
"contracts\\LeoscaryTokenA.sol":{"l":{"10":13},"path":"C:\\Users\\Admin\\Desktop\\mi-simpleswap-dapp\\contracts\\LeoscaryTokenA.sol","s":{"1":13},"b":{},"f":{"1":13},"fnMap":{"1":{"name":"constructor","line":7,"loc":{"start":{"line":7,"column":4},"end":{"line":11,"column":4}}}},"statementMap":{"1":{"start":{"line":10,"column":8},"end":{"line":10,"column":52}}},"branchMap":{}},
"contracts\\LeoscaryTokenB.sol":{"l":{"10":13},"path":"C:\\Users\\Admin\\Desktop\\mi-simpleswap-dapp\\contracts\\LeoscaryTokenB.sol","s":{"1":13},"b":{},"f":{"1":13},"fnMap":{"1":{"name":"constructor","line":7,"loc":{"start":{"line":7,"column":4},"end":{"line":11,"column":4}}}},"statementMap":{"1":{"start":{"line":10,"column":8},"end":{"line":10,"column":52}}},"branchMap":{}},
"contracts\\SimpleSwap.sol":{"l":{"25":14,"26":14,"27":14,"28":14,"43":14,"44":14,"47":14,"48":14,"50":14,"52":13,"53":13,"57":1,"58":1,"60":1,"61":1,"62":1,"63":1,"67":0,"68":0,"69":0,"70":0,"71":0,"76":14,"77":14,"81":14,"83":14,"97":1,"98":1,"100":1,"101":1,"105":1,"106":1,"108":1,"109":1,"112":1,"113":1,"115":1,"125":9,"126":8,"128":6,"129":6,"130":6,"131":6,"142":3,"143":3,"145":3,"146":3,"148":3,"149":3,"150":3,"153":3,"156":3,"157":3,"160":3,"162":3,"165":2,"167":2,"173":2,"175":2,"176":2,"178":2,"179":1,"182":1,"187":0,"191":0},"path":"C:\\Users\\Admin\\Desktop\\mi-simpleswap-dapp\\contracts\\SimpleSwap.sol","s":{"1":14,"2":14,"3":14,"4":14,"5":14,"6":14,"7":14,"8":1,"9":1,"10":1,"11":1,"12":0,"13":0,"14":0,"15":14,"16":14,"17":14,"18":1,"19":1,"20":1,"21":1,"22":1,"23":1,"24":1,"25":1,"26":1,"27":9,"28":8,"29":6,"30":6,"31":6,"32":6,"33":3,"34":3,"35":3,"36":3,"37":3,"38":3,"39":3,"40":3,"41":3,"42":3,"43":3,"44":3,"45":2,"46":2,"47":2,"48":2,"49":2,"50":2,"51":1,"52":1,"53":0,"54":0},"b":{"1":[14,0],"2":[14,0],"3":[14,0],"4":[14,0],"5":[13,1],"6":[1,0],"7":[1,0],"8":[1,0],"9":[0,0],"10":[0,0],"11":[1,1],"12":[1,0],"13":[1,0],"14":[1,0],"15":[1,0],"16":[8,1],"17":[6,2],"18":[3,0],"19":[3,0],"20":[3,0],"21":[2,1],"22":[3,0],"23":[1,2],"24":[3,0],"25":[2,1],"26":[2,0],"27":[1,1],"28":[1,0]},"f":{"1":14,"2":14,"3":1,"4":9,"5":3,"6":2,"7":0,"8":0},"fnMap":{"1":{"name":"constructor","line":24,"loc":{"start":{"line":24,"column":4},"end":{"line":29,"column":4}}},"2":{"name":"addLiquidity","line":33,"loc":{"start":{"line":33,"column":4},"end":{"line":84,"column":4}}},"3":{"name":"removeLiquidity","line":96,"loc":{"start":{"line":88,"column":4},"end":{"line":116,"column":4}}},"4":{"name":"getAmountOut","line":120,"loc":{"start":{"line":120,"column":4},"end":{"line":132,"column":4}}},"5":{"name":"swapExactTokensForTokens","line":135,"loc":{"start":{"line":135,"column":4},"end":{"line":168,"column":4}}},"6":{"name":"getPrice","line":172,"loc":{"start":{"line":172,"column":4},"end":{"line":183,"column":4}}},"7":{"name":"getReserveA","line":186,"loc":{"start":{"line":186,"column":4},"end":{"line":188,"column":4}}},"8":{"name":"getReserveB","line":190,"loc":{"start":{"line":190,"column":4},"end":{"line":192,"column":4}}}},"statementMap":{"1":{"start":{"line":25,"column":8},"end":{"line":25,"column":96}},"2":{"start":{"line":26,"column":8},"end":{"line":26,"column":69}},"3":{"start":{"line":43,"column":8},"end":{"line":43,"column":77}},"4":{"start":{"line":44,"column":8},"end":{"line":44,"column":108}},"5":{"start":{"line":47,"column":8},"end":{"line":47,"column":58}},"6":{"start":{"line":48,"column":8},"end":{"line":48,"column":58}},"7":{"start":{"line":50,"column":8},"end":{"line":50,"column":2056}},"8":{"start":{"line":57,"column":12},"end":{"line":57,"column":76}},"9":{"start":{"line":58,"column":12},"end":{"line":58,"column":2483}},"10":{"start":{"line":60,"column":16},"end":{"line":60,"column":91}},"11":{"start":{"line":61,"column":16},"end":{"line":61,"column":92}},"12":{"start":{"line":67,"column":16},"end":{"line":67,"column":80}},"13":{"start":{"line":68,"column":16},"end":{"line":68,"column":92}},"14":{"start":{"line":69,"column":16},"end":{"line":69,"column":91}},"15":{"start":{"line":76,"column":8},"end":{"line":76,"column":62}},"16":{"start":{"line":77,"column":8},"end":{"line":77,"column":62}},"17":{"start":{"line":83,"column":8},"end":{"line":83,"column":60}},"18":{"start":{"line":97,"column":8},"end":{"line":97,"column":80}},"19":{"start":{"line":98,"column":8},"end":{"line":98,"column":111}},"20":{"start":{"line":100,"column":8},"end":{"line":100,"column":58}},"21":{"start":{"line":101,"column":8},"end":{"line":101,"column":58}},"22":{"start":{"line":108,"column":8},"end":{"line":108,"column":79}},"23":{"start":{"line":109,"column":8},"end":{"line":109,"column":79}},"24":{"start":{"line":112,"column":8},"end":{"line":112,"column":35}},"25":{"start":{"line":113,"column":8},"end":{"line":113,"column":35}},"26":{"start":{"line":115,"column":8},"end":{"line":115,"column":62}},"27":{"start":{"line":125,"column":8},"end":{"line":125,"column":63}},"28":{"start":{"line":126,"column":8},"end":{"line":126,"column":82}},"29":{"start":{"line":128,"column":8},"end":{"line":128,"column":48}},"30":{"start":{"line":129,"column":8},"end":{"line":129,"column":56}},"31":{"start":{"line":130,"column":8},"end":{"line":130,"column":64}},"32":{"start":{"line":131,"column":8},"end":{"line":131,"column":38}},"33":{"start":{"line":142,"column":8},"end":{"line":142,"column":60}},"34":{"start":{"line":143,"column":8},"end":{"line":143,"column":89}},"35":{"start":{"line":145,"column":8},"end":{"line":145,"column":40}},"36":{"start":{"line":146,"column":8},"end":{"line":146,"column":41}},"37":{"start":{"line":148,"column":8},"end":{"line":148,"column":87}},"38":{"start":{"line":149,"column":8},"end":{"line":149,"column":88}},"39":{"start":{"line":150,"column":8},"end":{"line":150,"column":70}},"40":{"start":{"line":153,"column":8},"end":{"line":153,"column":64}},"41":{"start":{"line":156,"column":8},"end":{"line":156,"column":60}},"42":{"start":{"line":157,"column":8},"end":{"line":157,"column":62}},"43":{"start":{"line":160,"column":8},"end":{"line":160,"column":73}},"44":{"start":{"line":162,"column":8},"end":{"line":162,"column":97}},"45":{"start":{"line":165,"column":8},"end":{"line":165,"column":39}},"46":{"start":{"line":167,"column":8},"end":{"line":167,"column":96}},"47":{"start":{"line":173,"column":8},"end":{"line":173,"column":104}},"48":{"start":{"line":175,"column":8},"end":{"line":175,"column":58}},"49":{"start":{"line":176,"column":8},"end":{"line":176,"column":58}},"50":{"start":{"line":178,"column":8},"end":{"line":178,"column":8265}},"51":{"start":{"line":179,"column":12},"end":{"line":179,"column":20}},"52":{"start":{"line":182,"column":8},"end":{"line":182,"column":49}},"53":{"start":{"line":187,"column":8},"end":{"line":187,"column":46}},"54":{"start":{"line":191,"column":8},"end":{"line":191,"column":46}}},"branchMap":{"1":{"line":25,"type":"if","locations":[{"start":{"line":25,"column":8},"end":{"line":25,"column":8}},{"start":{"line":25,"column":8},"end":{"line":25,"column":8}}]},"2":{"line":26,"type":"if","locations":[{"start":{"line":26,"column":8},"end":{"line":26,"column":8}},{"start":{"line":26,"column":8},"end":{"line":26,"column":8}}]},"3":{"line":43,"type":"if","locations":[{"start":{"line":43,"column":8},"end":{"line":43,"column":8}},{"start":{"line":43,"column":8},"end":{"line":43,"column":8}}]},"4":{"line":44,"type":"if","locations":[{"start":{"line":44,"column":8},"end":{"line":44,"column":8}},{"start":{"line":44,"column":8},"end":{"line":44,"column":8}}]},"5":{"line":50,"type":"if","locations":[{"start":{"line":50,"column":8},"end":{"line":50,"column":8}},{"start":{"line":50,"column":8},"end":{"line":50,"column":8}}]},"6":{"line":58,"type":"if","locations":[{"start":{"line":58,"column":12},"end":{"line":58,"column":12}},{"start":{"line":58,"column":12},"end":{"line":58,"column":12}}]},"7":{"line":60,"type":"if","locations":[{"start":{"line":60,"column":16},"end":{"line":60,"column":16}},{"start":{"line":60,"column":16},"end":{"line":60,"column":16}}]},"8":{"line":61,"type":"if","locations":[{"start":{"line":61,"column":16},"end":{"line":61,"column":16}},{"start":{"line":61,"column":16},"end":{"line":61,"column":16}}]},"9":{"line":68,"type":"if","locations":[{"start":{"line":68,"column":16},"end":{"line":68,"column":16}},{"start":{"line":68,"column":16},"end":{"line":68,"column":16}}]},"10":{"line":69,"type":"if","locations":[{"start":{"line":69,"column":16},"end":{"line":69,"column":16}},{"start":{"line":69,"column":16},"end":{"line":69,"column":16}}]},"11":{"line":96,"type":"if","locations":[{"start":{"line":96,"column":15},"end":{"line":96,"column":15}},{"start":{"line":96,"column":15},"end":{"line":96,"column":15}}]},"12":{"line":97,"type":"if","locations":[{"start":{"line":97,"column":8},"end":{"line":97,"column":8}},{"start":{"line":97,"column":8},"end":{"line":97,"column":8}}]},"13":{"line":98,"type":"if","locations":[{"start":{"line":98,"column":8},"end":{"line":98,"column":8}},{"start":{"line":98,"column":8},"end":{"line":98,"column":8}}]},"14":{"line":108,"type":"if","locations":[{"start":{"line":108,"column":8},"end":{"line":108,"column":8}},{"start":{"line":108,"column":8},"end":{"line":108,"column":8}}]},"15":{"line":109,"type":"if","locations":[{"start":{"line":109,"column":8},"end":{"line":109,"column":8}},{"start":{"line":109,"column":8},"end":{"line":109,"column":8}}]},"16":{"line":125,"type":"if","locations":[{"start":{"line":125,"column":8},"end":{"line":125,"column":8}},{"start":{"line":125,"column":8},"end":{"line":125,"column":8}}]},"17":{"line":126,"type":"if","locations":[{"start":{"line":126,"column":8},"end":{"line":126,"column":8}},{"start":{"line":126,"column":8},"end":{"line":126,"column":8}}]},"18":{"line":142,"type":"if","locations":[{"start":{"line":142,"column":8},"end":{"line":142,"column":8}},{"start":{"line":142,"column":8},"end":{"line":142,"column":8}}]},"19":{"line":143,"type":"if","locations":[{"start":{"line":143,"column":8},"end":{"line":143,"column":8}},{"start":{"line":143,"column":8},"end":{"line":143,"column":8}}]},"20":{"line":148,"type":"if","locations":[{"start":{"line":148,"column":8},"end":{"line":148,"column":8}},{"start":{"line":148,"column":8},"end":{"line":148,"column":8}}]},"21":{"line":148,"type":"cond-expr","locations":[{"start":{"line":148,"column":16},"end":{"line":148,"column":32}},{"start":{"line":148,"column":37},"end":{"line":148,"column":53}}]},"22":{"line":149,"type":"if","locations":[{"start":{"line":149,"column":8},"end":{"line":149,"column":8}},{"start":{"line":149,"column":8},"end":{"line":149,"column":8}}]},"23":{"line":149,"type":"cond-expr","locations":[{"start":{"line":149,"column":16},"end":{"line":149,"column":33}},{"start":{"line":149,"column":38},"end":{"line":149,"column":55}}]},"24":{"line":150,"type":"if","locations":[{"start":{"line":150,"column":8},"end":{"line":150,"column":8}},{"start":{"line":150,"column":8},"end":{"line":150,"column":8}}]},"25":{"line":162,"type":"if","locations":[{"start":{"line":162,"column":8},"end":{"line":162,"column":8}},{"start":{"line":162,"column":8},"end":{"line":162,"column":8}}]},"26":{"line":173,"type":"if","locations":[{"start":{"line":173,"column":8},"end":{"line":173,"column":8}},{"start":{"line":173,"column":8},"end":{"line":173,"column":8}}]},"27":{"line":178,"type":"if","locations":[{"start":{"line":178,"column":8},"end":{"line":178,"column":8}},{"start":{"line":178,"column":8},"end":{"line":178,"column":8}}]},"28":{"line":178,"type":"cond-expr","locations":[{"start":{"line":178,"column":12},"end":{"line":178,"column":24}},{"start":{"line":178,"column":29},"end":{"line":178,"column":41}}]}}}}
