TN:
SF:C:\Users\Admin\Desktop\mi-simpleswap-dapp\contracts\LeoscaryTokenA.sol
FN:7,constructor
FNF:1
FNH:1
FNDA:13,constructor
DA:10,13
LF:1
LH:1
BRF:0
BRH:0
end_of_record
TN:
SF:C:\Users\Admin\Desktop\mi-simpleswap-dapp\contracts\LeoscaryTokenB.sol
FN:7,constructor
FNF:1
FNH:1
FNDA:13,constructor
DA:10,13
LF:1
LH:1
BRF:0
BRH:0
end_of_record
TN:
SF:C:\Users\Admin\Desktop\mi-simpleswap-dapp\contracts\SimpleSwap.sol
FN:24,constructor
FN:33,addLiquidity
FN:96,removeLiquidity
FN:120,getAmountOut
FN:135,swapExactTokensForTokens
FN:172,getPrice
FN:186,getReserveA
FN:190,getReserveB
FNF:8
FNH:6
FNDA:14,constructor
FNDA:14,addLiquidity
FNDA:1,removeLiquidity
FNDA:9,getAmountOut
FNDA:3,swapExactTokensForTokens
FNDA:2,getPrice
FNDA:0,getReserveA
FNDA:0,getReserveB
DA:25,14
DA:26,14
DA:27,14
DA:28,14
DA:43,14
DA:44,14
DA:47,14
DA:48,14
DA:50,14
DA:52,13
DA:53,13
DA:57,1
DA:58,1
DA:60,1
DA:61,1
DA:62,1
DA:63,1
DA:67,0
DA:68,0
DA:69,0
DA:70,0
DA:71,0
DA:76,14
DA:77,14
DA:81,14
DA:83,14
DA:97,1
DA:98,1
DA:100,1
DA:101,1
DA:105,1
DA:106,1
DA:108,1
DA:109,1
DA:112,1
DA:113,1
DA:115,1
DA:125,9
DA:126,8
DA:128,6
DA:129,6
DA:130,6
DA:131,6
DA:142,3
DA:143,3
DA:145,3
DA:146,3
DA:148,3
DA:149,3
DA:150,3
DA:153,3
DA:156,3
DA:157,3
DA:160,3
DA:162,3
DA:165,2
DA:167,2
DA:173,2
DA:175,2
DA:176,2
DA:178,2
DA:179,1
DA:182,1
DA:187,0
DA:191,0
LF:65
LH:58
BRDA:25,1,0,14
BRDA:25,1,1,0
BRDA:26,2,0,14
BRDA:26,2,1,0
BRDA:43,3,0,14
BRDA:43,3,1,0
BRDA:44,4,0,14
BRDA:44,4,1,0
BRDA:50,5,0,13
BRDA:50,5,1,1
BRDA:58,6,0,1
BRDA:58,6,1,0
BRDA:60,7,0,1
BRDA:60,7,1,0
BRDA:61,8,0,1
BRDA:61,8,1,0
BRDA:68,9,0,0
BRDA:68,9,1,0
BRDA:69,10,0,0
BRDA:69,10,1,0
BRDA:96,11,0,1
BRDA:96,11,1,1
BRDA:97,12,0,1
BRDA:97,12,1,0
BRDA:98,13,0,1
BRDA:98,13,1,0
BRDA:108,14,0,1
BRDA:108,14,1,0
BRDA:109,15,0,1
BRDA:109,15,1,0
BRDA:125,16,0,8
BRDA:125,16,1,1
BRDA:126,17,0,6
BRDA:126,17,1,2
BRDA:142,18,0,3
BRDA:142,18,1,0
BRDA:143,19,0,3
BRDA:143,19,1,0
BRDA:148,20,0,3
BRDA:148,20,1,0
BRDA:148,21,0,2
BRDA:148,21,1,1
BRDA:149,22,0,3
BRDA:149,22,1,0
BRDA:149,23,0,1
BRDA:149,23,1,2
BRDA:150,24,0,3
BRDA:150,24,1,0
BRDA:162,25,0,2
BRDA:162,25,1,1
BRDA:173,26,0,2
BRDA:173,26,1,0
BRDA:178,27,0,1
BRDA:178,27,1,1
BRDA:178,28,0,1
BRDA:178,28,1,0
BRF:56
BRH:34
end_of_record
